<?xml version="1.0" encoding="UTF-8"?>
<!-- Generated by org.testng.reporters.JUnitReportReporter -->
<testsuite skipped="0" hostname="DESKTOP-MHRN7JA" name="concepts.framework.practice.HomePage" tests="2" failures="0" timestamp="2020-11-01T14:02:58 IST" time="16.746" errors="0">
  <testcase name="basePageNavigation" time="13.090" classname="concepts.framework.practice.HomePage"/>
  <system-out/>
  <testcase name="basePageNavigation" time="3.656" classname="concepts.framework.practice.HomePage"/>
  <system-out/>
</testsuite> <!-- concepts.framework.practice.HomePage -->
