<?xml version="1.0" encoding="UTF-8"?>
<!-- Generated by org.testng.reporters.JUnitReportReporter -->
<testsuite skipped="0" hostname="DESKTOP-MHRN7JA" name="concepts.framework.practice.ValidateNavBar" tests="1" failures="0" timestamp="2020-10-29T19:55:28 IST" time="0.156" errors="0">
  <testcase name="navBarDisplayedOrNot" time="0.156" classname="concepts.framework.practice.ValidateNavBar"/>
  <system-out/>
</testsuite> <!-- concepts.framework.practice.ValidateNavBar -->
