<?xml version="1.0" encoding="UTF-8"?>
<!-- Generated by org.testng.reporters.JUnitReportReporter -->
<testsuite skipped="0" hostname="DESKTOP-MHRN7JA" name="com.test.runner.TestRunner" tests="1" failures="0" timestamp="2020-11-06T21:33:53 IST" time="52.709" errors="0">
  <testcase name="feature" time="52.709" classname="com.test.runner.TestRunner"/>
  <system-out/>
</testsuite> <!-- com.test.runner.TestRunner -->
