<?xml version="1.0" encoding="UTF-8"?>
<!-- Generated by org.testng.reporters.JUnitReportReporter -->
<testsuite skipped="0" hostname="DESKTOP-MHRN7JA" name="concepts.framework.practice.HomePage" tests="2" failures="0" timestamp="2020-11-02T12:42:10 IST" time="31.788" errors="0">
  <testcase name="basePageNavigation" time="27.547" classname="concepts.framework.practice.HomePage"/>
  <system-out/>
  <testcase name="basePageNavigation" time="4.241" classname="concepts.framework.practice.HomePage"/>
  <system-out/>
</testsuite> <!-- concepts.framework.practice.HomePage -->
